{"C:\\laragon\\www\\todo-list-node\\src\\modules\\group\\group.service.ts": {"path":"C:\\laragon\\www\\todo-list-node\\src\\modules\\group\\group.service.ts","statementMap":{"0":{"start":{"line":4,"column":28},"end":{"line":4,"column":30}},"1":{"start":{"line":5,"column":22},"end":{"line":5,"column":23}},"2":{"start":{"line":8,"column":4},"end":{"line":8,"column":60}},"3":{"start":{"line":8,"column":41},"end":{"line":8,"column":58}},"4":{"start":{"line":12,"column":18},"end":{"line":13,"column":null}},"5":{"start":{"line":13,"column":17},"end":{"line":13,"column":53}},"6":{"start":{"line":15,"column":4},"end":{"line":17,"column":5}},"7":{"start":{"line":16,"column":6},"end":{"line":16,"column":71}},"8":{"start":{"line":18,"column":4},"end":{"line":18,"column":17}},"9":{"start":{"line":22,"column":28},"end":{"line":26,"column":6}},"10":{"start":{"line":27,"column":4},"end":{"line":27,"column":31}},"11":{"start":{"line":28,"column":4},"end":{"line":28,"column":20}},"12":{"start":{"line":32,"column":18},"end":{"line":32,"column":39}},"13":{"start":{"line":33,"column":4},"end":{"line":33,"column":22}},"14":{"start":{"line":34,"column":4},"end":{"line":34,"column":17}},"15":{"start":{"line":38,"column":26},"end":{"line":38,"column":44}},"16":{"start":{"line":39,"column":4},"end":{"line":41,"column":6}},"17":{"start":{"line":40,"column":17},"end":{"line":40,"column":56}},"18":{"start":{"line":42,"column":4},"end":{"line":42,"column":46}},"19":{"start":{"line":3,"column":0},"end":{"line":3,"column":13}}},"fnMap":{"0":{"name":"(anonymous_0)","decl":{"start":{"line":7,"column":2},"end":{"line":7,"column":9}},"loc":{"start":{"line":7,"column":21},"end":{"line":9,"column":3}}},"1":{"name":"(anonymous_1)","decl":{"start":{"line":8,"column":30},"end":{"line":8,"column":31}},"loc":{"start":{"line":8,"column":41},"end":{"line":8,"column":58}}},"2":{"name":"(anonymous_2)","decl":{"start":{"line":11,"column":2},"end":{"line":11,"column":9}},"loc":{"start":{"line":11,"column":33},"end":{"line":19,"column":3}}},"3":{"name":"(anonymous_3)","decl":{"start":{"line":13,"column":6},"end":{"line":13,"column":7}},"loc":{"start":{"line":13,"column":17},"end":{"line":13,"column":53}}},"4":{"name":"(anonymous_4)","decl":{"start":{"line":21,"column":2},"end":{"line":21,"column":8}},"loc":{"start":{"line":21,"column":34},"end":{"line":29,"column":3}}},"5":{"name":"(anonymous_5)","decl":{"start":{"line":31,"column":2},"end":{"line":31,"column":8}},"loc":{"start":{"line":31,"column":46},"end":{"line":35,"column":3}}},"6":{"name":"(anonymous_6)","decl":{"start":{"line":37,"column":2},"end":{"line":37,"column":8}},"loc":{"start":{"line":37,"column":32},"end":{"line":43,"column":3}}},"7":{"name":"(anonymous_7)","decl":{"start":{"line":40,"column":6},"end":{"line":40,"column":7}},"loc":{"start":{"line":40,"column":17},"end":{"line":40,"column":56}}}},"branchMap":{"0":{"loc":{"start":{"line":13,"column":17},"end":{"line":13,"column":53}},"type":"binary-expr","locations":[{"start":{"line":13,"column":17},"end":{"line":13,"column":34}},{"start":{"line":13,"column":38},"end":{"line":13,"column":53}}]},"1":{"loc":{"start":{"line":15,"column":4},"end":{"line":17,"column":5}},"type":"if","locations":[{"start":{"line":15,"column":4},"end":{"line":17,"column":5}},{"start":{},"end":{}}]},"2":{"loc":{"start":{"line":40,"column":19},"end":{"line":40,"column":55}},"type":"binary-expr","locations":[{"start":{"line":40,"column":19},"end":{"line":40,"column":36}},{"start":{"line":40,"column":40},"end":{"line":40,"column":55}}]}},"s":{"0":7,"1":7,"2":3,"3":3,"4":3,"5":2,"6":3,"7":1,"8":2,"9":6,"10":6,"11":6,"12":1,"13":1,"14":1,"15":2,"16":2,"17":1,"18":2,"19":1},"f":{"0":3,"1":3,"2":3,"3":2,"4":6,"5":1,"6":2,"7":1},"b":{"0":[2,2],"1":[1,2],"2":[1,1]}}
,"C:\\laragon\\www\\todo-list-node\\src\\modules\\task\\task.service.ts": {"path":"C:\\laragon\\www\\todo-list-node\\src\\modules\\task\\task.service.ts","statementMap":{"0":{"start":{"line":4,"column":26},"end":{"line":4,"column":28}},"1":{"start":{"line":5,"column":30},"end":{"line":5,"column":31}},"2":{"start":{"line":8,"column":4},"end":{"line":8,"column":72}},"3":{"start":{"line":8,"column":54},"end":{"line":8,"column":70}},"4":{"start":{"line":12,"column":35},"end":{"line":13,"column":null}},"5":{"start":{"line":13,"column":31},"end":{"line":13,"column":65}},"6":{"start":{"line":16,"column":4},"end":{"line":16,"column":63}},"7":{"start":{"line":16,"column":15},"end":{"line":16,"column":63}},"8":{"start":{"line":18,"column":4},"end":{"line":18,"column":16}},"9":{"start":{"line":22,"column":26},"end":{"line":27,"column":6}},"10":{"start":{"line":29,"column":4},"end":{"line":29,"column":29}},"11":{"start":{"line":31,"column":4},"end":{"line":31,"column":19}},"12":{"start":{"line":35,"column":17},"end":{"line":35,"column":38}},"13":{"start":{"line":37,"column":4},"end":{"line":37,"column":23}},"14":{"start":{"line":38,"column":4},"end":{"line":38,"column":27}},"15":{"start":{"line":40,"column":4},"end":{"line":40,"column":16}},"16":{"start":{"line":44,"column":34},"end":{"line":44,"column":58}},"17":{"start":{"line":46,"column":4},"end":{"line":48,"column":6}},"18":{"start":{"line":47,"column":31},"end":{"line":47,"column":65}},"19":{"start":{"line":50,"column":4},"end":{"line":50,"column":52}},"20":{"start":{"line":3,"column":0},"end":{"line":3,"column":13}}},"fnMap":{"0":{"name":"(anonymous_0)","decl":{"start":{"line":7,"column":9},"end":{"line":7,"column":16}},"loc":{"start":{"line":7,"column":28},"end":{"line":9,"column":3}}},"1":{"name":"(anonymous_1)","decl":{"start":{"line":8,"column":29},"end":{"line":8,"column":30}},"loc":{"start":{"line":8,"column":54},"end":{"line":8,"column":70}}},"2":{"name":"(anonymous_2)","decl":{"start":{"line":11,"column":9},"end":{"line":11,"column":16}},"loc":{"start":{"line":11,"column":40},"end":{"line":19,"column":3}}},"3":{"name":"(anonymous_3)","decl":{"start":{"line":13,"column":6},"end":{"line":13,"column":7}},"loc":{"start":{"line":13,"column":31},"end":{"line":13,"column":65}}},"4":{"name":"(anonymous_4)","decl":{"start":{"line":21,"column":9},"end":{"line":21,"column":15}},"loc":{"start":{"line":21,"column":59},"end":{"line":32,"column":3}}},"5":{"name":"(anonymous_5)","decl":{"start":{"line":34,"column":9},"end":{"line":34,"column":15}},"loc":{"start":{"line":34,"column":71},"end":{"line":41,"column":3}}},"6":{"name":"(anonymous_6)","decl":{"start":{"line":43,"column":9},"end":{"line":43,"column":15}},"loc":{"start":{"line":43,"column":39},"end":{"line":51,"column":3}}},"7":{"name":"(anonymous_7)","decl":{"start":{"line":47,"column":6},"end":{"line":47,"column":7}},"loc":{"start":{"line":47,"column":31},"end":{"line":47,"column":65}}}},"branchMap":{"0":{"loc":{"start":{"line":13,"column":31},"end":{"line":13,"column":65}},"type":"binary-expr","locations":[{"start":{"line":13,"column":31},"end":{"line":13,"column":45}},{"start":{"line":13,"column":49},"end":{"line":13,"column":65}}]},"1":{"loc":{"start":{"line":16,"column":4},"end":{"line":16,"column":63}},"type":"if","locations":[{"start":{"line":16,"column":4},"end":{"line":16,"column":63}},{"start":{},"end":{}}]},"2":{"loc":{"start":{"line":47,"column":31},"end":{"line":47,"column":65}},"type":"binary-expr","locations":[{"start":{"line":47,"column":31},"end":{"line":47,"column":47}},{"start":{"line":47,"column":51},"end":{"line":47,"column":65}}]}},"s":{"0":6,"1":6,"2":4,"3":3,"4":3,"5":2,"6":3,"7":1,"8":2,"9":6,"10":6,"11":6,"12":1,"13":1,"14":1,"15":1,"16":1,"17":1,"18":1,"19":1,"20":1},"f":{"0":4,"1":3,"2":3,"3":2,"4":6,"5":1,"6":1,"7":1},"b":{"0":[2,2],"1":[1,2],"2":[1,0]}}
,"C:\\laragon\\www\\todo-list-node\\src\\modules\\user\\user.service.ts": {"path":"C:\\laragon\\www\\todo-list-node\\src\\modules\\user\\user.service.ts","statementMap":{"0":{"start":{"line":4,"column":26},"end":{"line":4,"column":28}},"1":{"start":{"line":5,"column":22},"end":{"line":5,"column":23}},"2":{"start":{"line":8,"column":4},"end":{"line":8,"column":22}},"3":{"start":{"line":12,"column":17},"end":{"line":12,"column":56}},"4":{"start":{"line":12,"column":41},"end":{"line":12,"column":55}},"5":{"start":{"line":13,"column":4},"end":{"line":15,"column":5}},"6":{"start":{"line":14,"column":6},"end":{"line":14,"column":54}},"7":{"start":{"line":16,"column":4},"end":{"line":16,"column":16}},"8":{"start":{"line":20,"column":26},"end":{"line":24,"column":6}},"9":{"start":{"line":25,"column":4},"end":{"line":25,"column":29}},"10":{"start":{"line":26,"column":4},"end":{"line":26,"column":19}},"11":{"start":{"line":30,"column":17},"end":{"line":30,"column":33}},"12":{"start":{"line":31,"column":4},"end":{"line":34,"column":5}},"13":{"start":{"line":32,"column":6},"end":{"line":32,"column":23}},"14":{"start":{"line":33,"column":6},"end":{"line":33,"column":25}},"15":{"start":{"line":35,"column":4},"end":{"line":35,"column":16}},"16":{"start":{"line":39,"column":26},"end":{"line":39,"column":43}},"17":{"start":{"line":40,"column":4},"end":{"line":40,"column":59}},"18":{"start":{"line":40,"column":43},"end":{"line":40,"column":57}},"19":{"start":{"line":41,"column":4},"end":{"line":41,"column":45}},"20":{"start":{"line":3,"column":0},"end":{"line":3,"column":13}}},"fnMap":{"0":{"name":"(anonymous_0)","decl":{"start":{"line":7,"column":2},"end":{"line":7,"column":9}},"loc":{"start":{"line":7,"column":9},"end":{"line":9,"column":3}}},"1":{"name":"(anonymous_1)","decl":{"start":{"line":11,"column":2},"end":{"line":11,"column":9}},"loc":{"start":{"line":11,"column":20},"end":{"line":17,"column":3}}},"2":{"name":"(anonymous_2)","decl":{"start":{"line":12,"column":33},"end":{"line":12,"column":37}},"loc":{"start":{"line":12,"column":41},"end":{"line":12,"column":55}}},"3":{"name":"(anonymous_3)","decl":{"start":{"line":19,"column":2},"end":{"line":19,"column":8}},"loc":{"start":{"line":19,"column":36},"end":{"line":27,"column":3}}},"4":{"name":"(anonymous_4)","decl":{"start":{"line":29,"column":2},"end":{"line":29,"column":8}},"loc":{"start":{"line":29,"column":48},"end":{"line":36,"column":3}}},"5":{"name":"(anonymous_5)","decl":{"start":{"line":38,"column":2},"end":{"line":38,"column":8}},"loc":{"start":{"line":38,"column":19},"end":{"line":42,"column":3}}},"6":{"name":"(anonymous_6)","decl":{"start":{"line":40,"column":35},"end":{"line":40,"column":39}},"loc":{"start":{"line":40,"column":43},"end":{"line":40,"column":57}}}},"branchMap":{"0":{"loc":{"start":{"line":13,"column":4},"end":{"line":15,"column":5}},"type":"if","locations":[{"start":{"line":13,"column":4},"end":{"line":15,"column":5}},{"start":{},"end":{}}]},"1":{"loc":{"start":{"line":31,"column":4},"end":{"line":34,"column":5}},"type":"if","locations":[{"start":{"line":31,"column":4},"end":{"line":34,"column":5}},{"start":{},"end":{}}]}},"s":{"0":19,"1":19,"2":2,"3":3,"4":2,"5":3,"6":1,"7":2,"8":12,"9":12,"10":12,"11":1,"12":1,"13":1,"14":1,"15":1,"16":1,"17":1,"18":1,"19":1,"20":3},"f":{"0":2,"1":3,"2":2,"3":12,"4":1,"5":1,"6":1},"b":{"0":[1,2],"1":[1,0]}}
}
