TN:
SF:src\modules\group\group.service.ts
FN:7,(anonymous_0)
FN:8,(anonymous_1)
FN:11,(anonymous_2)
FN:13,(anonymous_3)
FN:21,(anonymous_4)
FN:31,(anonymous_5)
FN:37,(anonymous_6)
FN:40,(anonymous_7)
FNF:8
FNH:8
FNDA:3,(anonymous_0)
FNDA:3,(anonymous_1)
FNDA:3,(anonymous_2)
FNDA:2,(anonymous_3)
FNDA:6,(anonymous_4)
FNDA:1,(anonymous_5)
FNDA:2,(anonymous_6)
FNDA:1,(anonymous_7)
DA:3,1
DA:4,7
DA:5,7
DA:8,3
DA:12,3
DA:13,2
DA:15,3
DA:16,1
DA:18,2
DA:22,6
DA:27,6
DA:28,6
DA:32,1
DA:33,1
DA:34,1
DA:38,2
DA:39,2
DA:40,1
DA:42,2
LF:19
LH:19
BRDA:13,0,0,2
BRDA:13,0,1,2
BRDA:15,1,0,1
BRDA:15,1,1,2
BRDA:40,2,0,1
BRDA:40,2,1,1
BRF:6
BRH:6
end_of_record
TN:
SF:src\modules\task\task.service.ts
FN:7,(anonymous_0)
FN:8,(anonymous_1)
FN:11,(anonymous_2)
FN:13,(anonymous_3)
FN:21,(anonymous_4)
FN:34,(anonymous_5)
FN:43,(anonymous_6)
FN:47,(anonymous_7)
FNF:8
FNH:8
FNDA:4,(anonymous_0)
FNDA:3,(anonymous_1)
FNDA:3,(anonymous_2)
FNDA:2,(anonymous_3)
FNDA:6,(anonymous_4)
FNDA:1,(anonymous_5)
FNDA:1,(anonymous_6)
FNDA:1,(anonymous_7)
DA:3,1
DA:4,6
DA:5,6
DA:8,4
DA:12,3
DA:13,2
DA:16,3
DA:18,2
DA:22,6
DA:29,6
DA:31,6
DA:35,1
DA:37,1
DA:38,1
DA:40,1
DA:44,1
DA:46,1
DA:47,1
DA:50,1
LF:19
LH:19
BRDA:13,0,0,2
BRDA:13,0,1,2
BRDA:16,1,0,1
BRDA:16,1,1,2
BRDA:47,2,0,1
BRDA:47,2,1,0
BRF:6
BRH:5
end_of_record
TN:
SF:src\modules\user\user.service.ts
FN:7,(anonymous_0)
FN:11,(anonymous_1)
FN:12,(anonymous_2)
FN:19,(anonymous_3)
FN:29,(anonymous_4)
FN:38,(anonymous_5)
FN:40,(anonymous_6)
FNF:7
FNH:7
FNDA:2,(anonymous_0)
FNDA:3,(anonymous_1)
FNDA:2,(anonymous_2)
FNDA:12,(anonymous_3)
FNDA:1,(anonymous_4)
FNDA:1,(anonymous_5)
FNDA:1,(anonymous_6)
DA:3,3
DA:4,19
DA:5,19
DA:8,2
DA:12,3
DA:13,3
DA:14,1
DA:16,2
DA:20,12
DA:25,12
DA:26,12
DA:30,1
DA:31,1
DA:32,1
DA:33,1
DA:35,1
DA:39,1
DA:40,1
DA:41,1
LF:19
LH:19
BRDA:13,0,0,1
BRDA:13,0,1,2
BRDA:31,1,0,1
BRDA:31,1,1,0
BRF:4
BRH:3
end_of_record
